<?xml version="1.0" encoding="UTF-8"?>
<!-- Generated by org.testng.reporters.JUnitXMLReporter -->
<testsuite ignored="0" hostname="Suman" failures="0" tests="4" name="Test" time="0.045" errors="0" timestamp="2023-12-22T11:06:58 IST">
  <testcase classname="qaclickacademy.com.AppiumTest" name="AndroidApps" time="0.005"/>
  <testcase classname="qaclickacademy.com.AppiumTest" name="IOSApps" time="0.001"/>
  <testcase classname="qaclickacademy.com.SeleniumTest" name="BrowserAutomation" time="0.0"/>
  <testcase classname="qaclickacademy.com.SeleniumTest" name="elementUI" time="0.0"/>
</testsuite> <!-- Test -->
