<?xml version="1.0" encoding="UTF-8"?>
<testng-results ignored="0" total="4" passed="4" failed="0" skipped="0">
  <reporter-output>
  </reporter-output>
  <suite started-at="2023-12-22T11:06:58 IST" name="Suite" finished-at="2023-12-22T11:06:58 IST" duration-ms="45">
    <groups>
    </groups>
    <test started-at="2023-12-22T11:06:58 IST" name="Test" finished-at="2023-12-22T11:06:58 IST" duration-ms="45">
      <class name="qaclickacademy.com.SeleniumTest">
        <test-method signature="BrowserAutomation()[pri:0, instance:qaclickacademy.com.SeleniumTest@619713e5]" started-at="2023-12-22T11:06:58 IST" name="BrowserAutomation" finished-at="2023-12-22T11:06:58 IST" duration-ms="0" status="PASS">
          <reporter-output>
          </reporter-output>
        </test-method> <!-- BrowserAutomation -->
        <test-method signature="elementUI()[pri:0, instance:qaclickacademy.com.SeleniumTest@619713e5]" started-at="2023-12-22T11:06:58 IST" name="elementUI" finished-at="2023-12-22T11:06:58 IST" duration-ms="0" status="PASS">
          <reporter-output>
          </reporter-output>
        </test-method> <!-- elementUI -->
      </class> <!-- qaclickacademy.com.SeleniumTest -->
      <class name="qaclickacademy.com.AppiumTest">
        <test-method signature="AndroidApps()[pri:0, instance:qaclickacademy.com.AppiumTest@3d51f06e]" started-at="2023-12-22T11:06:58 IST" name="AndroidApps" finished-at="2023-12-22T11:06:58 IST" duration-ms="5" status="PASS">
          <reporter-output>
          </reporter-output>
        </test-method> <!-- AndroidApps -->
        <test-method signature="IOSApps()[pri:0, instance:qaclickacademy.com.AppiumTest@3d51f06e]" started-at="2023-12-22T11:06:58 IST" name="IOSApps" finished-at="2023-12-22T11:06:58 IST" duration-ms="1" status="PASS">
          <reporter-output>
          </reporter-output>
        </test-method> <!-- IOSApps -->
      </class> <!-- qaclickacademy.com.AppiumTest -->
    </test> <!-- Test -->
  </suite> <!-- Suite -->
</testng-results>
